2024/06/13 22:23:13 [notice] 1#1: using the "epoll" event method
2024/06/13 22:23:13 [notice] 1#1: nginx/1.24.0
2024/06/13 22:23:13 [notice] 1#1: built by gcc 12.2.1 20220924 (Alpine 12.2.1_git20220924-r4) 
2024/06/13 22:23:13 [notice] 1#1: OS: Linux 6.5.11-linuxkit
2024/06/13 22:23:13 [notice] 1#1: getrlimit(RLIMIT_NOFILE): 1048576:1048576
2024/06/13 22:23:13 [notice] 1#1: start worker processes
2024/06/13 22:23:13 [notice] 1#1: start worker process 29
2024/06/13 22:23:13 [notice] 1#1: start worker process 30
2024/06/13 22:23:13 [notice] 1#1: start worker process 31
2024/06/13 22:23:13 [notice] 1#1: start worker process 32
2024/06/13 22:23:13 [notice] 1#1: start worker process 33
2024/06/13 22:23:13 [notice] 1#1: start worker process 34
2024/06/13 22:23:13 [notice] 1#1: start worker process 35
2024/06/13 22:23:13 [notice] 1#1: start worker process 36
2024/06/13 22:23:13 [notice] 1#1: start worker process 37
2024/06/13 22:23:13 [notice] 1#1: start worker process 38
2024/06/13 22:23:13 [notice] 1#1: start worker process 39
2024/06/13 22:45:12 [notice] 1#1: signal 3 (SIGQUIT) received, shutting down
2024/06/13 22:45:12 [notice] 29#29: gracefully shutting down
2024/06/13 22:45:12 [notice] 30#30: gracefully shutting down
2024/06/13 22:45:12 [notice] 32#32: gracefully shutting down
2024/06/13 22:45:12 [notice] 34#34: gracefully shutting down
2024/06/13 22:45:12 [notice] 36#36: gracefully shutting down
2024/06/13 22:45:12 [notice] 39#39: gracefully shutting down
2024/06/13 22:45:12 [notice] 33#33: gracefully shutting down
2024/06/13 22:45:12 [notice] 38#38: gracefully shutting down
2024/06/13 22:45:12 [notice] 37#37: gracefully shutting down
2024/06/13 22:45:12 [notice] 35#35: gracefully shutting down
2024/06/13 22:45:12 [notice] 31#31: gracefully shutting down
2024/06/13 22:45:12 [notice] 29#29: exiting
2024/06/13 22:45:12 [notice] 30#30: exiting
2024/06/13 22:45:12 [notice] 32#32: exiting
2024/06/13 22:45:12 [notice] 34#34: exiting
2024/06/13 22:45:12 [notice] 36#36: exiting
2024/06/13 22:45:12 [notice] 39#39: exiting
2024/06/13 22:45:12 [notice] 33#33: exiting
2024/06/13 22:45:12 [notice] 38#38: exiting
2024/06/13 22:45:12 [notice] 37#37: exiting
2024/06/13 22:45:12 [notice] 35#35: exiting
2024/06/13 22:45:12 [notice] 31#31: exiting
2024/06/13 22:45:12 [notice] 30#30: exit
2024/06/13 22:45:12 [notice] 29#29: exit
2024/06/13 22:45:12 [notice] 32#32: exit
2024/06/13 22:45:12 [notice] 34#34: exit
2024/06/13 22:45:12 [notice] 36#36: exit
2024/06/13 22:45:12 [notice] 39#39: exit
2024/06/13 22:45:12 [notice] 33#33: exit
2024/06/13 22:45:12 [notice] 38#38: exit
2024/06/13 22:45:12 [notice] 37#37: exit
2024/06/13 22:45:12 [notice] 35#35: exit
2024/06/13 22:45:12 [notice] 31#31: exit
2024/06/13 22:45:12 [notice] 1#1: signal 17 (SIGCHLD) received from 36
2024/06/13 22:45:12 [notice] 1#1: worker process 30 exited with code 0
2024/06/13 22:45:12 [notice] 1#1: worker process 36 exited with code 0
2024/06/13 22:45:12 [notice] 1#1: worker process 39 exited with code 0
2024/06/13 22:45:12 [notice] 1#1: signal 29 (SIGIO) received
2024/06/13 22:45:12 [notice] 1#1: signal 17 (SIGCHLD) received from 39
2024/06/13 22:45:12 [notice] 1#1: worker process 33 exited with code 0
2024/06/13 22:45:12 [notice] 1#1: worker process 38 exited with code 0
2024/06/13 22:45:12 [notice] 1#1: signal 29 (SIGIO) received
2024/06/13 22:45:12 [notice] 1#1: signal 17 (SIGCHLD) received from 33
2024/06/13 22:45:12 [notice] 1#1: signal 17 (SIGCHLD) received from 29
2024/06/13 22:45:12 [notice] 1#1: worker process 29 exited with code 0
2024/06/13 22:45:12 [notice] 1#1: worker process 31 exited with code 0
2024/06/13 22:45:12 [notice] 1#1: worker process 32 exited with code 0
2024/06/13 22:45:12 [notice] 1#1: worker process 34 exited with code 0
2024/06/13 22:45:12 [notice] 1#1: worker process 35 exited with code 0
2024/06/13 22:45:12 [notice] 1#1: worker process 37 exited with code 0
2024/06/13 22:45:12 [notice] 1#1: exit
2024/06/13 22:50:56 [notice] 1#1: using the "epoll" event method
2024/06/13 22:50:56 [notice] 1#1: nginx/1.24.0
2024/06/13 22:50:56 [notice] 1#1: built by gcc 12.2.1 20220924 (Alpine 12.2.1_git20220924-r4) 
2024/06/13 22:50:56 [notice] 1#1: OS: Linux 6.5.11-linuxkit
2024/06/13 22:50:56 [notice] 1#1: getrlimit(RLIMIT_NOFILE): 1048576:1048576
2024/06/13 22:50:56 [notice] 1#1: start worker processes
2024/06/13 22:50:56 [notice] 1#1: start worker process 29
2024/06/13 22:50:56 [notice] 1#1: start worker process 30
2024/06/13 22:50:56 [notice] 1#1: start worker process 31
2024/06/13 22:50:56 [notice] 1#1: start worker process 32
2024/06/13 22:50:56 [notice] 1#1: start worker process 33
2024/06/13 22:50:56 [notice] 1#1: start worker process 34
2024/06/13 22:50:56 [notice] 1#1: start worker process 35
2024/06/13 22:50:56 [notice] 1#1: start worker process 36
2024/06/13 22:50:56 [notice] 1#1: start worker process 37
2024/06/13 22:50:56 [notice] 1#1: start worker process 38
2024/06/13 22:50:56 [notice] 1#1: start worker process 39
2024/07/07 19:43:43 [notice] 1#1: signal 3 (SIGQUIT) received, shutting down
2024/07/07 19:43:43 [notice] 31#31: gracefully shutting down
2024/07/07 19:43:43 [notice] 34#34: gracefully shutting down
2024/07/07 19:43:43 [notice] 29#29: gracefully shutting down
2024/07/07 19:43:43 [notice] 30#30: gracefully shutting down
2024/07/07 19:43:43 [notice] 33#33: gracefully shutting down
2024/07/07 19:43:43 [notice] 32#32: gracefully shutting down
2024/07/07 19:43:43 [notice] 36#36: gracefully shutting down
2024/07/07 19:43:43 [notice] 39#39: gracefully shutting down
2024/07/07 19:43:43 [notice] 38#38: gracefully shutting down
2024/07/07 19:43:43 [notice] 35#35: gracefully shutting down
2024/07/07 19:43:43 [notice] 37#37: gracefully shutting down
2024/07/07 19:43:43 [notice] 31#31: exiting
2024/07/07 19:43:43 [notice] 29#29: exiting
2024/07/07 19:43:43 [notice] 33#33: exiting
2024/07/07 19:43:43 [notice] 34#34: exiting
2024/07/07 19:43:43 [notice] 32#32: exiting
2024/07/07 19:43:43 [notice] 33#33: exit
2024/07/07 19:43:43 [notice] 36#36: exiting
2024/07/07 19:43:43 [notice] 29#29: exit
2024/07/07 19:43:43 [notice] 35#35: exiting
2024/07/07 19:43:43 [notice] 38#38: exiting
2024/07/07 19:43:43 [notice] 30#30: exiting
2024/07/07 19:43:43 [notice] 39#39: exiting
2024/07/07 19:43:43 [notice] 37#37: exiting
2024/07/07 19:43:43 [notice] 34#34: exit
2024/07/07 19:43:43 [notice] 31#31: exit
2024/07/07 19:43:43 [notice] 32#32: exit
2024/07/07 19:43:43 [notice] 36#36: exit
2024/07/07 19:43:43 [notice] 35#35: exit
2024/07/07 19:43:43 [notice] 39#39: exit
2024/07/07 19:43:43 [notice] 38#38: exit
2024/07/07 19:43:43 [notice] 30#30: exit
2024/07/07 19:43:43 [notice] 37#37: exit
2024/07/07 19:43:43 [notice] 1#1: signal 17 (SIGCHLD) received from 38
2024/07/07 19:43:43 [notice] 1#1: worker process 30 exited with code 0
2024/07/07 19:43:43 [notice] 1#1: worker process 32 exited with code 0
2024/07/07 19:43:43 [notice] 1#1: worker process 33 exited with code 0
2024/07/07 19:43:43 [notice] 1#1: worker process 36 exited with code 0
2024/07/07 19:43:43 [notice] 1#1: worker process 37 exited with code 0
2024/07/07 19:43:43 [notice] 1#1: worker process 38 exited with code 0
2024/07/07 19:43:43 [notice] 1#1: signal 29 (SIGIO) received
2024/07/07 19:43:43 [notice] 1#1: signal 17 (SIGCHLD) received from 36
2024/07/07 19:43:43 [notice] 1#1: worker process 29 exited with code 0
2024/07/07 19:43:43 [notice] 1#1: worker process 31 exited with code 0
2024/07/07 19:43:43 [notice] 1#1: worker process 34 exited with code 0
2024/07/07 19:43:43 [notice] 1#1: worker process 35 exited with code 0
2024/07/07 19:43:43 [notice] 1#1: worker process 39 exited with code 0
2024/07/07 19:43:43 [notice] 1#1: exit
2024/07/07 19:44:08 [notice] 1#1: using the "epoll" event method
2024/07/07 19:44:08 [notice] 1#1: nginx/1.24.0
2024/07/07 19:44:08 [notice] 1#1: built by gcc 12.2.1 20220924 (Alpine 12.2.1_git20220924-r4) 
2024/07/07 19:44:08 [notice] 1#1: OS: Linux 6.5.11-linuxkit
2024/07/07 19:44:08 [notice] 1#1: getrlimit(RLIMIT_NOFILE): 1048576:1048576
2024/07/07 19:44:08 [notice] 1#1: start worker processes
2024/07/07 19:44:08 [notice] 1#1: start worker process 29
2024/07/07 19:44:08 [notice] 1#1: start worker process 30
2024/07/07 19:44:08 [notice] 1#1: start worker process 31
2024/07/07 19:44:08 [notice] 1#1: start worker process 32
2024/07/07 19:44:08 [notice] 1#1: start worker process 33
2024/07/07 19:44:08 [notice] 1#1: start worker process 34
2024/07/07 19:44:08 [notice] 1#1: start worker process 35
2024/07/07 19:44:08 [notice] 1#1: start worker process 36
2024/07/07 19:44:08 [notice] 1#1: start worker process 37
2024/07/07 19:44:08 [notice] 1#1: start worker process 38
2024/07/07 19:44:08 [notice] 1#1: start worker process 39
2024/07/07 20:31:22 [notice] 1#1: signal 3 (SIGQUIT) received, shutting down
2024/07/07 20:31:22 [notice] 29#29: gracefully shutting down
2024/07/07 20:31:22 [notice] 31#31: gracefully shutting down
2024/07/07 20:31:22 [notice] 34#34: gracefully shutting down
2024/07/07 20:31:22 [notice] 30#30: gracefully shutting down
2024/07/07 20:31:22 [notice] 33#33: gracefully shutting down
2024/07/07 20:31:22 [notice] 32#32: gracefully shutting down
2024/07/07 20:31:22 [notice] 35#35: gracefully shutting down
2024/07/07 20:31:22 [notice] 36#36: gracefully shutting down
2024/07/07 20:31:22 [notice] 37#37: gracefully shutting down
2024/07/07 20:31:22 [notice] 38#38: gracefully shutting down
2024/07/07 20:31:22 [notice] 39#39: gracefully shutting down
2024/07/07 20:31:22 [notice] 29#29: exiting
2024/07/07 20:31:22 [notice] 31#31: exiting
2024/07/07 20:31:22 [notice] 34#34: exiting
2024/07/07 20:31:22 [notice] 30#30: exiting
2024/07/07 20:31:22 [notice] 33#33: exiting
2024/07/07 20:31:22 [notice] 32#32: exiting
2024/07/07 20:31:22 [notice] 35#35: exiting
2024/07/07 20:31:22 [notice] 36#36: exiting
2024/07/07 20:31:22 [notice] 37#37: exiting
2024/07/07 20:31:22 [notice] 38#38: exiting
2024/07/07 20:31:22 [notice] 39#39: exiting
2024/07/07 20:31:22 [notice] 37#37: exit
2024/07/07 20:31:22 [notice] 29#29: exit
2024/07/07 20:31:22 [notice] 31#31: exit
2024/07/07 20:31:22 [notice] 34#34: exit
2024/07/07 20:31:22 [notice] 30#30: exit
2024/07/07 20:31:22 [notice] 33#33: exit
2024/07/07 20:31:22 [notice] 32#32: exit
2024/07/07 20:31:22 [notice] 35#35: exit
2024/07/07 20:31:22 [notice] 36#36: exit
2024/07/07 20:31:22 [notice] 38#38: exit
2024/07/07 20:31:22 [notice] 39#39: exit
2024/07/07 20:31:22 [notice] 1#1: signal 17 (SIGCHLD) received from 35
2024/07/07 20:31:22 [notice] 1#1: worker process 31 exited with code 0
2024/07/07 20:31:22 [notice] 1#1: worker process 35 exited with code 0
2024/07/07 20:31:22 [notice] 1#1: signal 29 (SIGIO) received
2024/07/07 20:31:22 [notice] 1#1: signal 17 (SIGCHLD) received from 31
2024/07/07 20:31:22 [notice] 1#1: signal 17 (SIGCHLD) received from 36
2024/07/07 20:31:22 [notice] 1#1: worker process 29 exited with code 0
2024/07/07 20:31:22 [notice] 1#1: worker process 33 exited with code 0
2024/07/07 20:31:22 [notice] 1#1: worker process 36 exited with code 0
2024/07/07 20:31:22 [notice] 1#1: worker process 37 exited with code 0
2024/07/07 20:31:22 [notice] 1#1: signal 29 (SIGIO) received
2024/07/07 20:31:22 [notice] 1#1: signal 17 (SIGCHLD) received from 37
2024/07/07 20:31:22 [notice] 1#1: signal 17 (SIGCHLD) received from 39
2024/07/07 20:31:22 [notice] 1#1: worker process 38 exited with code 0
2024/07/07 20:31:22 [notice] 1#1: worker process 39 exited with code 0
2024/07/07 20:31:22 [notice] 1#1: signal 29 (SIGIO) received
2024/07/07 20:31:22 [notice] 1#1: signal 17 (SIGCHLD) received from 34
2024/07/07 20:31:22 [notice] 1#1: worker process 30 exited with code 0
2024/07/07 20:31:22 [notice] 1#1: worker process 32 exited with code 0
2024/07/07 20:31:22 [notice] 1#1: worker process 34 exited with code 0
2024/07/07 20:31:22 [notice] 1#1: exit
2024/07/07 20:34:17 [notice] 1#1: using the "epoll" event method
2024/07/07 20:34:17 [notice] 1#1: nginx/1.24.0
2024/07/07 20:34:17 [notice] 1#1: built by gcc 12.2.1 20220924 (Alpine 12.2.1_git20220924-r4) 
2024/07/07 20:34:17 [notice] 1#1: OS: Linux 6.5.11-linuxkit
2024/07/07 20:34:17 [notice] 1#1: getrlimit(RLIMIT_NOFILE): 1048576:1048576
2024/07/07 20:34:17 [notice] 1#1: start worker processes
2024/07/07 20:34:17 [notice] 1#1: start worker process 28
2024/07/07 20:34:17 [notice] 1#1: start worker process 29
2024/07/07 20:34:17 [notice] 1#1: start worker process 30
2024/07/07 20:34:17 [notice] 1#1: start worker process 31
2024/07/07 20:34:17 [notice] 1#1: start worker process 32
2024/07/07 20:34:17 [notice] 1#1: start worker process 33
2024/07/07 20:34:17 [notice] 1#1: start worker process 34
2024/07/07 20:34:17 [notice] 1#1: start worker process 35
2024/07/07 20:34:17 [notice] 1#1: start worker process 36
2024/07/07 20:34:17 [notice] 1#1: start worker process 37
2024/07/07 20:34:17 [notice] 1#1: start worker process 38
2024/07/29 17:15:54 [notice] 1#1: signal 3 (SIGQUIT) received, shutting down
2024/07/29 17:15:54 [notice] 28#28: gracefully shutting down
2024/07/29 17:15:54 [notice] 35#35: gracefully shutting down
2024/07/29 17:15:54 [notice] 36#36: gracefully shutting down
2024/07/29 17:15:54 [notice] 31#31: gracefully shutting down
2024/07/29 17:15:54 [notice] 29#29: gracefully shutting down
2024/07/29 17:15:54 [notice] 37#37: gracefully shutting down
2024/07/29 17:15:54 [notice] 38#38: gracefully shutting down
2024/07/29 17:15:54 [notice] 30#30: gracefully shutting down
2024/07/29 17:15:54 [notice] 32#32: gracefully shutting down
2024/07/29 17:15:54 [notice] 33#33: gracefully shutting down
2024/07/29 17:15:54 [notice] 36#36: exiting
2024/07/29 17:15:54 [notice] 34#34: gracefully shutting down
2024/07/29 17:15:54 [notice] 31#31: exiting
2024/07/29 17:15:54 [notice] 28#28: exiting
2024/07/29 17:15:54 [notice] 30#30: exiting
2024/07/29 17:15:54 [notice] 32#32: exiting
2024/07/29 17:15:54 [notice] 35#35: exiting
2024/07/29 17:15:54 [notice] 29#29: exiting
2024/07/29 17:15:54 [notice] 33#33: exiting
2024/07/29 17:15:54 [notice] 37#37: exiting
2024/07/29 17:15:54 [notice] 38#38: exiting
2024/07/29 17:15:54 [notice] 36#36: exit
2024/07/29 17:15:54 [notice] 30#30: exit
2024/07/29 17:15:54 [notice] 32#32: exit
2024/07/29 17:15:54 [notice] 28#28: exit
2024/07/29 17:15:54 [notice] 31#31: exit
2024/07/29 17:15:54 [notice] 35#35: exit
2024/07/29 17:15:54 [notice] 29#29: exit
2024/07/29 17:15:54 [notice] 37#37: exit
2024/07/29 17:15:54 [notice] 33#33: exit
2024/07/29 17:15:54 [notice] 38#38: exit
2024/07/29 17:15:54 [notice] 34#34: exiting
2024/07/29 17:15:54 [notice] 34#34: exit
2024/07/29 17:15:54 [notice] 1#1: signal 17 (SIGCHLD) received from 36
2024/07/29 17:15:54 [notice] 1#1: worker process 29 exited with code 0
2024/07/29 17:15:54 [notice] 1#1: worker process 32 exited with code 0
2024/07/29 17:15:54 [notice] 1#1: worker process 33 exited with code 0
2024/07/29 17:15:54 [notice] 1#1: worker process 34 exited with code 0
2024/07/29 17:15:54 [notice] 1#1: worker process 36 exited with code 0
2024/07/29 17:15:54 [notice] 1#1: worker process 37 exited with code 0
2024/07/29 17:15:54 [notice] 1#1: worker process 38 exited with code 0
2024/07/29 17:15:54 [notice] 1#1: worker process 28 exited with code 0
2024/07/29 17:15:54 [notice] 1#1: signal 29 (SIGIO) received
2024/07/29 17:15:54 [notice] 1#1: signal 17 (SIGCHLD) received from 33
2024/07/29 17:15:54 [notice] 1#1: signal 17 (SIGCHLD) received from 30
2024/07/29 17:15:54 [notice] 1#1: worker process 30 exited with code 0
2024/07/29 17:15:54 [notice] 1#1: signal 17 (SIGCHLD) received from 35
2024/07/29 17:15:54 [notice] 1#1: worker process 31 exited with code 0
2024/07/29 17:15:54 [notice] 1#1: worker process 35 exited with code 0
2024/07/29 17:15:54 [notice] 1#1: exit
2024/07/29 17:16:24 [notice] 1#1: using the "epoll" event method
2024/07/29 17:16:24 [notice] 1#1: nginx/1.24.0
2024/07/29 17:16:24 [notice] 1#1: built by gcc 12.2.1 20220924 (Alpine 12.2.1_git20220924-r4) 
2024/07/29 17:16:24 [notice] 1#1: OS: Linux 6.5.11-linuxkit
2024/07/29 17:16:24 [notice] 1#1: getrlimit(RLIMIT_NOFILE): 1048576:1048576
2024/07/29 17:16:24 [notice] 1#1: start worker processes
2024/07/29 17:16:24 [notice] 1#1: start worker process 29
2024/07/29 17:16:24 [notice] 1#1: start worker process 30
2024/07/29 17:16:24 [notice] 1#1: start worker process 31
2024/07/29 17:16:24 [notice] 1#1: start worker process 32
2024/07/29 17:16:24 [notice] 1#1: start worker process 33
2024/07/29 17:16:24 [notice] 1#1: start worker process 34
2024/07/29 17:16:24 [notice] 1#1: start worker process 35
2024/07/29 17:16:24 [notice] 1#1: start worker process 36
2024/07/29 17:16:24 [notice] 1#1: start worker process 37
2024/07/29 17:16:24 [notice] 1#1: start worker process 38
2024/07/29 17:16:24 [notice] 1#1: start worker process 39
2024/07/29 17:42:57 [notice] 1#1: signal 3 (SIGQUIT) received, shutting down
2024/07/29 17:42:57 [notice] 29#29: gracefully shutting down
2024/07/29 17:42:57 [notice] 30#30: gracefully shutting down
2024/07/29 17:42:57 [notice] 34#34: gracefully shutting down
2024/07/29 17:42:57 [notice] 33#33: gracefully shutting down
2024/07/29 17:42:57 [notice] 31#31: gracefully shutting down
2024/07/29 17:42:57 [notice] 32#32: gracefully shutting down
2024/07/29 17:42:57 [notice] 37#37: gracefully shutting down
2024/07/29 17:42:57 [notice] 39#39: gracefully shutting down
2024/07/29 17:42:57 [notice] 38#38: gracefully shutting down
2024/07/29 17:42:57 [notice] 35#35: gracefully shutting down
2024/07/29 17:42:57 [notice] 36#36: gracefully shutting down
2024/07/29 17:42:57 [notice] 29#29: exiting
2024/07/29 17:42:57 [notice] 30#30: exiting
2024/07/29 17:42:57 [notice] 34#34: exiting
2024/07/29 17:42:57 [notice] 33#33: exiting
2024/07/29 17:42:57 [notice] 31#31: exiting
2024/07/29 17:42:57 [notice] 32#32: exiting
2024/07/29 17:42:57 [notice] 37#37: exiting
2024/07/29 17:42:57 [notice] 31#31: exit
2024/07/29 17:42:57 [notice] 39#39: exiting
2024/07/29 17:42:57 [notice] 38#38: exiting
2024/07/29 17:42:57 [notice] 35#35: exiting
2024/07/29 17:42:57 [notice] 36#36: exiting
2024/07/29 17:42:57 [notice] 30#30: exit
2024/07/29 17:42:57 [notice] 29#29: exit
2024/07/29 17:42:57 [notice] 33#33: exit
2024/07/29 17:42:57 [notice] 34#34: exit
2024/07/29 17:42:57 [notice] 32#32: exit
2024/07/29 17:42:57 [notice] 37#37: exit
2024/07/29 17:42:57 [notice] 39#39: exit
2024/07/29 17:42:57 [notice] 35#35: exit
2024/07/29 17:42:57 [notice] 38#38: exit
2024/07/29 17:42:57 [notice] 36#36: exit
2024/07/29 17:42:57 [notice] 1#1: signal 17 (SIGCHLD) received from 37
2024/07/29 17:42:57 [notice] 1#1: worker process 30 exited with code 0
2024/07/29 17:42:57 [notice] 1#1: worker process 34 exited with code 0
2024/07/29 17:42:57 [notice] 1#1: worker process 37 exited with code 0
2024/07/29 17:42:57 [notice] 1#1: signal 29 (SIGIO) received
2024/07/29 17:42:57 [notice] 1#1: signal 17 (SIGCHLD) received from 33
2024/07/29 17:42:57 [notice] 1#1: worker process 31 exited with code 0
2024/07/29 17:42:57 [notice] 1#1: worker process 33 exited with code 0
2024/07/29 17:42:57 [notice] 1#1: signal 29 (SIGIO) received
2024/07/29 17:42:57 [notice] 1#1: signal 17 (SIGCHLD) received from 29
2024/07/29 17:42:57 [notice] 1#1: worker process 29 exited with code 0
2024/07/29 17:42:57 [notice] 1#1: worker process 32 exited with code 0
2024/07/29 17:42:57 [notice] 1#1: worker process 39 exited with code 0
2024/07/29 17:42:57 [notice] 1#1: signal 17 (SIGCHLD) received from 32
2024/07/29 17:42:57 [notice] 1#1: signal 29 (SIGIO) received
2024/07/29 17:42:57 [notice] 1#1: signal 17 (SIGCHLD) received from 38
2024/07/29 17:42:57 [notice] 1#1: worker process 38 exited with code 0
2024/07/29 17:42:57 [notice] 1#1: signal 29 (SIGIO) received
2024/07/29 17:42:57 [notice] 1#1: signal 17 (SIGCHLD) received from 35
2024/07/29 17:42:57 [notice] 1#1: worker process 35 exited with code 0
2024/07/29 17:42:57 [notice] 1#1: signal 29 (SIGIO) received
2024/07/29 17:42:57 [notice] 1#1: signal 17 (SIGCHLD) received from 36
2024/07/29 17:42:57 [notice] 1#1: worker process 36 exited with code 0
2024/07/29 17:42:57 [notice] 1#1: exit
2024/07/29 17:43:53 [notice] 1#1: using the "epoll" event method
2024/07/29 17:43:53 [notice] 1#1: nginx/1.24.0
2024/07/29 17:43:53 [notice] 1#1: built by gcc 12.2.1 20220924 (Alpine 12.2.1_git20220924-r4) 
2024/07/29 17:43:53 [notice] 1#1: OS: Linux 6.5.11-linuxkit
2024/07/29 17:43:53 [notice] 1#1: getrlimit(RLIMIT_NOFILE): 1048576:1048576
2024/07/29 17:43:53 [notice] 1#1: start worker processes
2024/07/29 17:43:53 [notice] 1#1: start worker process 29
2024/07/29 17:43:53 [notice] 1#1: start worker process 30
2024/07/29 17:43:53 [notice] 1#1: start worker process 31
2024/07/29 17:43:53 [notice] 1#1: start worker process 32
2024/07/29 17:43:53 [notice] 1#1: start worker process 33
2024/07/29 17:43:53 [notice] 1#1: start worker process 34
2024/07/29 17:43:53 [notice] 1#1: start worker process 35
2024/07/29 17:43:53 [notice] 1#1: start worker process 36
2024/07/29 17:43:53 [notice] 1#1: start worker process 37
2024/07/29 17:43:53 [notice] 1#1: start worker process 38
2024/07/29 17:43:53 [notice] 1#1: start worker process 39
2024/08/23 14:16:57 [notice] 1#1: signal 3 (SIGQUIT) received, shutting down
2024/08/23 14:16:57 [notice] 29#29: gracefully shutting down
2024/08/23 14:16:57 [notice] 30#30: gracefully shutting down
2024/08/23 14:16:57 [notice] 32#32: gracefully shutting down
2024/08/23 14:16:57 [notice] 33#33: gracefully shutting down
2024/08/23 14:16:57 [notice] 29#29: exiting
2024/08/23 14:16:57 [notice] 31#31: gracefully shutting down
2024/08/23 14:16:57 [notice] 38#38: gracefully shutting down
2024/08/23 14:16:57 [notice] 35#35: gracefully shutting down
2024/08/23 14:16:57 [notice] 39#39: gracefully shutting down
2024/08/23 14:16:57 [notice] 33#33: exiting
2024/08/23 14:16:57 [notice] 34#34: gracefully shutting down
2024/08/23 14:16:57 [notice] 36#36: gracefully shutting down
2024/08/23 14:16:57 [notice] 37#37: gracefully shutting down
2024/08/23 14:16:57 [notice] 30#30: exiting
2024/08/23 14:16:57 [notice] 32#32: exiting
2024/08/23 14:16:57 [notice] 29#29: exit
2024/08/23 14:16:57 [notice] 35#35: exiting
2024/08/23 14:16:57 [notice] 30#30: exit
2024/08/23 14:16:57 [notice] 35#35: exit
2024/08/23 14:16:57 [notice] 38#38: exiting
2024/08/23 14:16:57 [notice] 33#33: exit
2024/08/23 14:16:57 [notice] 31#31: exiting
2024/08/23 14:16:57 [notice] 32#32: exit
2024/08/23 14:16:57 [notice] 38#38: exit
2024/08/23 14:16:57 [notice] 39#39: exiting
2024/08/23 14:16:57 [notice] 37#37: exiting
2024/08/23 14:16:57 [notice] 31#31: exit
2024/08/23 14:16:57 [notice] 34#34: exiting
2024/08/23 14:16:57 [notice] 39#39: exit
2024/08/23 14:16:57 [notice] 36#36: exiting
2024/08/23 14:16:57 [notice] 37#37: exit
2024/08/23 14:16:57 [notice] 36#36: exit
2024/08/23 14:16:57 [notice] 34#34: exit
2024/08/23 14:16:58 [notice] 1#1: signal 17 (SIGCHLD) received from 31
2024/08/23 14:16:58 [notice] 1#1: worker process 31 exited with code 0
2024/08/23 14:16:58 [notice] 1#1: worker process 32 exited with code 0
2024/08/23 14:16:58 [notice] 1#1: worker process 29 exited with code 0
2024/08/23 14:16:58 [notice] 1#1: worker process 30 exited with code 0
2024/08/23 14:16:58 [notice] 1#1: worker process 33 exited with code 0
2024/08/23 14:16:58 [notice] 1#1: worker process 34 exited with code 0
2024/08/23 14:16:58 [notice] 1#1: worker process 35 exited with code 0
2024/08/23 14:16:58 [notice] 1#1: worker process 36 exited with code 0
2024/08/23 14:16:58 [notice] 1#1: worker process 37 exited with code 0
2024/08/23 14:16:58 [notice] 1#1: worker process 38 exited with code 0
2024/08/23 14:16:58 [notice] 1#1: worker process 39 exited with code 0
2024/08/23 14:16:58 [notice] 1#1: exit
2024/08/23 14:18:14 [notice] 1#1: using the "epoll" event method
2024/08/23 14:18:14 [notice] 1#1: nginx/1.24.0
2024/08/23 14:18:14 [notice] 1#1: built by gcc 12.2.1 20220924 (Alpine 12.2.1_git20220924-r4) 
2024/08/23 14:18:14 [notice] 1#1: OS: Linux 6.5.11-linuxkit
2024/08/23 14:18:14 [notice] 1#1: getrlimit(RLIMIT_NOFILE): 1048576:1048576
2024/08/23 14:18:14 [notice] 1#1: start worker processes
2024/08/23 14:18:14 [notice] 1#1: start worker process 28
2024/08/23 14:18:14 [notice] 1#1: start worker process 29
2024/08/23 14:18:14 [notice] 1#1: start worker process 30
2024/08/23 14:18:14 [notice] 1#1: start worker process 31
2024/08/23 14:18:14 [notice] 1#1: start worker process 32
2024/08/23 14:18:14 [notice] 1#1: start worker process 33
2024/08/23 14:18:14 [notice] 1#1: start worker process 34
2024/08/23 14:18:14 [notice] 1#1: start worker process 35
2024/08/23 14:18:14 [notice] 1#1: start worker process 36
2024/08/23 14:18:14 [notice] 1#1: start worker process 37
2024/08/23 14:18:14 [notice] 1#1: start worker process 38
2024/09/07 18:11:32 [notice] 1#1: using the "epoll" event method
2024/09/07 18:11:32 [notice] 1#1: nginx/1.24.0
2024/09/07 18:11:32 [notice] 1#1: built by gcc 12.2.1 20220924 (Alpine 12.2.1_git20220924-r4) 
2024/09/07 18:11:32 [notice] 1#1: OS: Linux 6.5.11-linuxkit
2024/09/07 18:11:32 [notice] 1#1: getrlimit(RLIMIT_NOFILE): 1048576:1048576
2024/09/07 18:11:32 [notice] 1#1: start worker processes
2024/09/07 18:11:32 [notice] 1#1: start worker process 29
2024/09/07 18:11:32 [notice] 1#1: start worker process 30
2024/09/07 18:11:32 [notice] 1#1: start worker process 31
2024/09/07 18:11:32 [notice] 1#1: start worker process 32
2024/09/07 18:11:32 [notice] 1#1: start worker process 33
2024/09/07 18:11:32 [notice] 1#1: start worker process 34
2024/09/07 18:11:32 [notice] 1#1: start worker process 35
2024/09/07 18:11:32 [notice] 1#1: start worker process 36
2024/09/07 18:11:32 [notice] 1#1: start worker process 37
2024/09/07 18:11:32 [notice] 1#1: start worker process 38
2024/09/07 18:11:32 [notice] 1#1: start worker process 39
2024/09/11 10:36:06 [notice] 1#1: signal 3 (SIGQUIT) received, shutting down
2024/09/11 10:36:06 [notice] 29#29: gracefully shutting down
2024/09/11 10:36:06 [notice] 30#30: gracefully shutting down
2024/09/11 10:36:06 [notice] 32#32: gracefully shutting down
2024/09/11 10:36:06 [notice] 31#31: gracefully shutting down
2024/09/11 10:36:06 [notice] 33#33: gracefully shutting down
2024/09/11 10:36:06 [notice] 35#35: gracefully shutting down
2024/09/11 10:36:06 [notice] 32#32: exiting
2024/09/11 10:36:06 [notice] 38#38: gracefully shutting down
2024/09/11 10:36:06 [notice] 34#34: gracefully shutting down
2024/09/11 10:36:06 [notice] 39#39: gracefully shutting down
2024/09/11 10:36:06 [notice] 37#37: gracefully shutting down
2024/09/11 10:36:06 [notice] 36#36: gracefully shutting down
2024/09/11 10:36:06 [notice] 35#35: exiting
2024/09/11 10:36:06 [notice] 30#30: exiting
2024/09/11 10:36:06 [notice] 29#29: exiting
2024/09/11 10:36:06 [notice] 33#33: exiting
2024/09/11 10:36:06 [notice] 38#38: exiting
2024/09/11 10:36:06 [notice] 31#31: exiting
2024/09/11 10:36:06 [notice] 37#37: exiting
2024/09/11 10:36:06 [notice] 34#34: exiting
2024/09/11 10:36:06 [notice] 39#39: exiting
2024/09/11 10:36:06 [notice] 32#32: exit
2024/09/11 10:36:06 [notice] 36#36: exiting
2024/09/11 10:36:06 [notice] 35#35: exit
2024/09/11 10:36:06 [notice] 30#30: exit
2024/09/11 10:36:06 [notice] 33#33: exit
2024/09/11 10:36:06 [notice] 38#38: exit
2024/09/11 10:36:06 [notice] 29#29: exit
2024/09/11 10:36:06 [notice] 31#31: exit
2024/09/11 10:36:06 [notice] 37#37: exit
2024/09/11 10:36:06 [notice] 34#34: exit
2024/09/11 10:36:06 [notice] 39#39: exit
2024/09/11 10:36:06 [notice] 36#36: exit
2024/09/11 10:36:06 [notice] 1#1: signal 17 (SIGCHLD) received from 37
2024/09/11 10:36:06 [notice] 1#1: worker process 37 exited with code 0
2024/09/11 10:36:06 [notice] 1#1: signal 29 (SIGIO) received
2024/09/11 10:36:06 [notice] 1#1: signal 17 (SIGCHLD) received from 36
2024/09/11 10:36:06 [notice] 1#1: worker process 36 exited with code 0
2024/09/11 10:36:06 [notice] 1#1: worker process 33 exited with code 0
2024/09/11 10:36:06 [notice] 1#1: signal 29 (SIGIO) received
2024/09/11 10:36:06 [notice] 1#1: signal 17 (SIGCHLD) received from 33
2024/09/11 10:36:06 [notice] 1#1: signal 17 (SIGCHLD) received from 38
2024/09/11 10:36:06 [notice] 1#1: worker process 30 exited with code 0
2024/09/11 10:36:06 [notice] 1#1: worker process 29 exited with code 0
2024/09/11 10:36:06 [notice] 1#1: worker process 31 exited with code 0
2024/09/11 10:36:06 [notice] 1#1: worker process 32 exited with code 0
2024/09/11 10:36:06 [notice] 1#1: worker process 35 exited with code 0
2024/09/11 10:36:06 [notice] 1#1: worker process 38 exited with code 0
2024/09/11 10:36:06 [notice] 1#1: worker process 39 exited with code 0
2024/09/11 10:36:06 [notice] 1#1: signal 29 (SIGIO) received
2024/09/11 10:36:06 [notice] 1#1: signal 17 (SIGCHLD) received from 32
2024/09/11 10:36:06 [notice] 1#1: signal 17 (SIGCHLD) received from 34
2024/09/11 10:36:06 [notice] 1#1: worker process 34 exited with code 0
2024/09/11 10:36:06 [notice] 1#1: exit
2024/09/11 10:36:24 [notice] 1#1: using the "epoll" event method
2024/09/11 10:36:24 [notice] 1#1: nginx/1.24.0
2024/09/11 10:36:24 [notice] 1#1: built by gcc 12.2.1 20220924 (Alpine 12.2.1_git20220924-r4) 
2024/09/11 10:36:24 [notice] 1#1: OS: Linux 6.5.11-linuxkit
2024/09/11 10:36:24 [notice] 1#1: getrlimit(RLIMIT_NOFILE): 1048576:1048576
2024/09/11 10:36:24 [notice] 1#1: start worker processes
2024/09/11 10:36:24 [notice] 1#1: start worker process 29
2024/09/11 10:36:24 [notice] 1#1: start worker process 30
2024/09/11 10:36:24 [notice] 1#1: start worker process 31
2024/09/11 10:36:24 [notice] 1#1: start worker process 32
2024/09/11 10:36:24 [notice] 1#1: start worker process 33
2024/09/11 10:36:24 [notice] 1#1: start worker process 34
2024/09/11 10:36:24 [notice] 1#1: start worker process 35
2024/09/11 10:36:24 [notice] 1#1: start worker process 36
2024/09/11 10:36:24 [notice] 1#1: start worker process 37
2024/09/11 10:36:24 [notice] 1#1: start worker process 38
2024/09/11 10:36:24 [notice] 1#1: start worker process 39
2024/09/19 16:27:48 [notice] 1#1: using the "epoll" event method
2024/09/19 16:27:48 [notice] 1#1: nginx/1.24.0
2024/09/19 16:27:48 [notice] 1#1: built by gcc 12.2.1 20220924 (Alpine 12.2.1_git20220924-r4) 
2024/09/19 16:27:48 [notice] 1#1: OS: Linux 6.5.11-linuxkit
2024/09/19 16:27:48 [notice] 1#1: getrlimit(RLIMIT_NOFILE): 1048576:1048576
2024/09/19 16:27:48 [notice] 1#1: start worker processes
2024/09/19 16:27:48 [notice] 1#1: start worker process 29
2024/09/19 16:27:48 [notice] 1#1: start worker process 30
2024/09/19 16:27:48 [notice] 1#1: start worker process 31
2024/09/19 16:27:48 [notice] 1#1: start worker process 32
2024/09/19 16:27:48 [notice] 1#1: start worker process 33
2024/09/19 16:27:48 [notice] 1#1: start worker process 34
2024/09/19 16:27:48 [notice] 1#1: start worker process 35
2024/09/19 16:27:48 [notice] 1#1: start worker process 36
2024/09/19 16:27:48 [notice] 1#1: start worker process 37
2024/09/19 16:27:48 [notice] 1#1: start worker process 38
2024/09/19 16:27:48 [notice] 1#1: start worker process 39
2024/09/19 16:36:05 [notice] 1#1: signal 3 (SIGQUIT) received, shutting down
2024/09/19 16:36:05 [notice] 34#34: gracefully shutting down
2024/09/19 16:36:05 [notice] 29#29: gracefully shutting down
2024/09/19 16:36:05 [notice] 35#35: gracefully shutting down
2024/09/19 16:36:05 [notice] 36#36: gracefully shutting down
2024/09/19 16:36:05 [notice] 30#30: gracefully shutting down
2024/09/19 16:36:05 [notice] 31#31: gracefully shutting down
2024/09/19 16:36:05 [notice] 38#38: gracefully shutting down
2024/09/19 16:36:05 [notice] 33#33: gracefully shutting down
2024/09/19 16:36:05 [notice] 37#37: gracefully shutting down
2024/09/19 16:36:05 [notice] 32#32: gracefully shutting down
2024/09/19 16:36:05 [notice] 39#39: gracefully shutting down
2024/09/19 16:36:05 [notice] 29#29: exiting
2024/09/19 16:36:05 [notice] 34#34: exiting
2024/09/19 16:36:05 [notice] 35#35: exiting
2024/09/19 16:36:05 [notice] 36#36: exiting
2024/09/19 16:36:05 [notice] 30#30: exiting
2024/09/19 16:36:05 [notice] 31#31: exiting
2024/09/19 16:36:05 [notice] 37#37: exiting
2024/09/19 16:36:05 [notice] 38#38: exiting
2024/09/19 16:36:05 [notice] 32#32: exiting
2024/09/19 16:36:05 [notice] 33#33: exiting
2024/09/19 16:36:05 [notice] 39#39: exiting
2024/09/19 16:36:05 [notice] 36#36: exit
2024/09/19 16:36:05 [notice] 35#35: exit
2024/09/19 16:36:05 [notice] 29#29: exit
2024/09/19 16:36:05 [notice] 34#34: exit
2024/09/19 16:36:05 [notice] 31#31: exit
2024/09/19 16:36:05 [notice] 30#30: exit
2024/09/19 16:36:05 [notice] 37#37: exit
2024/09/19 16:36:05 [notice] 39#39: exit
2024/09/19 16:36:05 [notice] 38#38: exit
2024/09/19 16:36:05 [notice] 33#33: exit
2024/09/19 16:36:05 [notice] 32#32: exit
2024/09/19 16:36:05 [notice] 1#1: signal 17 (SIGCHLD) received from 36
2024/09/19 16:36:05 [notice] 1#1: worker process 29 exited with code 0
2024/09/19 16:36:05 [notice] 1#1: worker process 30 exited with code 0
2024/09/19 16:36:05 [notice] 1#1: worker process 35 exited with code 0
2024/09/19 16:36:05 [notice] 1#1: worker process 36 exited with code 0
2024/09/19 16:36:05 [notice] 1#1: worker process 37 exited with code 0
2024/09/19 16:36:05 [notice] 1#1: worker process 32 exited with code 0
2024/09/19 16:36:05 [notice] 1#1: worker process 33 exited with code 0
2024/09/19 16:36:05 [notice] 1#1: worker process 31 exited with code 0
2024/09/19 16:36:05 [notice] 1#1: worker process 34 exited with code 0
2024/09/19 16:36:05 [notice] 1#1: worker process 38 exited with code 0
2024/09/19 16:36:05 [notice] 1#1: worker process 39 exited with code 0
2024/09/19 16:36:05 [notice] 1#1: exit
2024/09/19 16:36:22 [notice] 1#1: using the "epoll" event method
2024/09/19 16:36:22 [notice] 1#1: nginx/1.24.0
2024/09/19 16:36:22 [notice] 1#1: built by gcc 12.2.1 20220924 (Alpine 12.2.1_git20220924-r4) 
2024/09/19 16:36:22 [notice] 1#1: OS: Linux 6.5.11-linuxkit
2024/09/19 16:36:22 [notice] 1#1: getrlimit(RLIMIT_NOFILE): 1048576:1048576
2024/09/19 16:36:22 [notice] 1#1: start worker processes
2024/09/19 16:36:22 [notice] 1#1: start worker process 28
2024/09/19 16:36:22 [notice] 1#1: start worker process 29
2024/09/19 16:36:22 [notice] 1#1: start worker process 30
2024/09/19 16:36:22 [notice] 1#1: start worker process 31
2024/09/19 16:36:22 [notice] 1#1: start worker process 32
2024/09/19 16:36:22 [notice] 1#1: start worker process 33
2024/09/19 16:36:22 [notice] 1#1: start worker process 34
2024/09/19 16:36:22 [notice] 1#1: start worker process 35
2024/09/19 16:36:22 [notice] 1#1: start worker process 36
2024/09/19 16:36:22 [notice] 1#1: start worker process 37
2024/09/19 16:36:22 [notice] 1#1: start worker process 38
